[0421/231026.056:ERROR:process_reader_win.cc(123)] NtOpenThread: {Access Denied} A process has requested access to an object, but has not been granted those access rights. (0xc0000022)
[0421/231026.258:ERROR:exception_snapshot_win.cc(98)] thread ID 37360 not found in process
[0426/215229.514:ERROR:process_reader_win.cc(123)] NtOpenThread: {Access Denied} A process has requested access to an object, but has not been granted those access rights. (0xc0000022)
[0426/215229.661:ERROR:process_reader_win.cc(123)] NtOpenThread: {Access Denied} A process has requested access to an object, but has not been granted those access rights. (0xc0000022)
[0426/215229.526:ERROR:process_reader_win.cc(123)] NtOpenThread: {Access Denied} A process has requested access to an object, but has not been granted those access rights. (0xc0000022)
[0426/215229.537:ERROR:process_reader_win.cc(123)] NtOpenThread: {Access Denied} A process has requested access to an object, but has not been granted those access rights. (0xc0000022)
[0426/215229.175:ERROR:scoped_process_suspend.cc(31)] NtSuspendProcess: An attempt was made to access an exiting process. (0xc000010a)
[0426/215232.212:ERROR:exception_snapshot_win.cc(98)] thread ID 42436 not found in process
[0426/215232.212:ERROR:exception_snapshot_win.cc(98)] thread ID 6640 not found in process
[0426/215232.219:ERROR:exception_snapshot_win.cc(98)] thread ID 41728 not found in process
[0426/215232.219:ERROR:exception_snapshot_win.cc(98)] thread ID 41740 not found in process
[0426/215232.220:ERROR:scoped_process_suspend.cc(40)] NtResumeProcess: An attempt was made to access an exiting process. (0xc000010a)
[0426/215232.219:ERROR:process_info.cc(118)] ReadProcessMemory bool __cdecl crashpad::(anonymous namespace)::ReadStruct(HANDLE, crashpad::WinVMAddress, T *) [T = crashpad::process_types::PEB<crashpad::process_types::internal::Traits64>]: Only part of a ReadProcessMemory or WriteProcessMemory request was completed. (0x12B)
[0426/215232.290:ERROR:process_info.cc(551)] ReadProcessData failed
[0428/233612.852:ERROR:process_reader_win.cc(151)] SuspendThread: Access is denied. (0x5)
[0428/233612.750:ERROR:process_reader_win.cc(151)] SuspendThread: Access is denied. (0x5)
[0428/233612.727:ERROR:process_reader_win.cc(151)] SuspendThread: Access is denied. (0x5)
[0428/233612.746:ERROR:process_reader_win.cc(151)] SuspendThread: Access is denied. (0x5)
[0428/233612.897:ERROR:process_reader_win.cc(151)] SuspendThread: Access is denied. (0x5)
[0428/233612.735:ERROR:process_reader_win.cc(151)] SuspendThread: Access is denied. (0x5)
[0428/233612.877:ERROR:process_reader_win.cc(151)] SuspendThread: Access is denied. (0x5)
[0428/233612.851:ERROR:process_reader_win.cc(151)] SuspendThread: Access is denied. (0x5)
[0428/233612.709:ERROR:process_reader_win.cc(151)] SuspendThread: Access is denied. (0x5)
[0428/233612.709:ERROR:process_reader_win.cc(151)] SuspendThread: Access is denied. (0x5)
[0428/233612.724:ERROR:process_reader_win.cc(151)] SuspendThread: Access is denied. (0x5)
[0428/233612.726:ERROR:process_reader_win.cc(151)] SuspendThread: Access is denied. (0x5)
[0428/233612.737:ERROR:process_reader_win.cc(151)] SuspendThread: Access is denied. (0x5)
[0428/233613.413:ERROR:process_reader_win.cc(151)] SuspendThread: Access is denied. (0x5)
[0428/233612.871:ERROR:process_reader_win.cc(151)] SuspendThread: Access is denied. (0x5)
[0428/233612.710:ERROR:process_reader_win.cc(151)] SuspendThread: Access is denied. (0x5)
[0428/233612.853:ERROR:process_reader_win.cc(151)] SuspendThread: Access is denied. (0x5)
[0428/233613.413:ERROR:process_reader_win.cc(151)] SuspendThread: Access is denied. (0x5)
[0428/233613.413:ERROR:process_reader_win.cc(151)] SuspendThread: Access is denied. (0x5)
[0428/233613.413:ERROR:process_reader_win.cc(151)] SuspendThread: Access is denied. (0x5)
[0428/233613.413:ERROR:process_reader_win.cc(151)] SuspendThread: Access is denied. (0x5)
[0428/233613.413:ERROR:process_reader_win.cc(151)] SuspendThread: Access is denied. (0x5)
[0428/233613.413:ERROR:process_reader_win.cc(151)] SuspendThread: Access is denied. (0x5)
[0428/233613.413:ERROR:process_reader_win.cc(151)] SuspendThread: Access is denied. (0x5)
[0428/233613.413:ERROR:process_reader_win.cc(151)] SuspendThread: Access is denied. (0x5)
[0428/233613.413:ERROR:process_reader_win.cc(151)] SuspendThread: Access is denied. (0x5)
[0428/233613.413:ERROR:process_reader_win.cc(151)] SuspendThread: Access is denied. (0x5)
[0428/233613.413:ERROR:process_reader_win.cc(151)] SuspendThread: Access is denied. (0x5)
[0428/233613.413:ERROR:process_reader_win.cc(151)] SuspendThread: Access is denied. (0x5)
[0428/233613.413:ERROR:process_reader_win.cc(151)] SuspendThread: Access is denied. (0x5)
[0428/233613.413:ERROR:process_reader_win.cc(151)] SuspendThread: Access is denied. (0x5)
[0428/233613.413:ERROR:process_reader_win.cc(151)] SuspendThread: Access is denied. (0x5)
[0428/233613.413:ERROR:process_reader_win.cc(151)] SuspendThread: Access is denied. (0x5)
[0428/233613.413:ERROR:process_reader_win.cc(151)] SuspendThread: Access is denied. (0x5)
[0428/233613.413:ERROR:process_reader_win.cc(151)] SuspendThread: Access is denied. (0x5)
[0428/233612.713:ERROR:process_reader_win.cc(151)] SuspendThread: Access is denied. (0x5)
[0428/233613.413:ERROR:process_reader_win.cc(151)] SuspendThread: Access is denied. (0x5)
[0428/233613.413:ERROR:process_reader_win.cc(151)] SuspendThread: Access is denied. (0x5)
[0428/233613.413:ERROR:process_reader_win.cc(151)] SuspendThread: Access is denied. (0x5)
[0428/233613.413:ERROR:process_reader_win.cc(151)] SuspendThread: Access is denied. (0x5)
[0428/233613.413:ERROR:process_reader_win.cc(151)] SuspendThread: Access is denied. (0x5)
[0428/233613.413:ERROR:process_reader_win.cc(151)] SuspendThread: Access is denied. (0x5)
[0428/233613.413:ERROR:process_reader_win.cc(151)] SuspendThread: Access is denied. (0x5)
[0428/233613.413:ERROR:process_reader_win.cc(151)] SuspendThread: Access is denied. (0x5)
[0428/233613.413:ERROR:process_reader_win.cc(151)] SuspendThread: Access is denied. (0x5)
[0428/233613.413:ERROR:process_reader_win.cc(151)] SuspendThread: Access is denied. (0x5)
[0428/233613.413:ERROR:process_reader_win.cc(151)] SuspendThread: Access is denied. (0x5)
[0428/233613.413:ERROR:process_reader_win.cc(151)] SuspendThread: Access is denied. (0x5)
[0428/233613.413:ERROR:process_reader_win.cc(151)] SuspendThread: Access is denied. (0x5)
[0428/233613.413:ERROR:process_reader_win.cc(151)] SuspendThread: Access is denied. (0x5)
[0428/233613.413:ERROR:process_reader_win.cc(151)] SuspendThread: Access is denied. (0x5)
[0428/233613.413:ERROR:process_reader_win.cc(151)] SuspendThread: Access is denied. (0x5)
[0428/233613.413:ERROR:process_reader_win.cc(151)] SuspendThread: Access is denied. (0x5)
[0428/233613.413:ERROR:process_reader_win.cc(151)] SuspendThread: Access is denied. (0x5)
[0428/233613.413:ERROR:process_reader_win.cc(151)] SuspendThread: Access is denied. (0x5)
[0428/233613.413:ERROR:process_reader_win.cc(151)] SuspendThread: Access is denied. (0x5)
[0428/233613.413:ERROR:process_reader_win.cc(151)] SuspendThread: Access is denied. (0x5)
[0428/233613.413:ERROR:process_reader_win.cc(151)] SuspendThread: Access is denied. (0x5)
[0428/233613.413:ERROR:process_reader_win.cc(151)] SuspendThread: Access is denied. (0x5)
[0428/233613.413:ERROR:process_reader_win.cc(151)] SuspendThread: Access is denied. (0x5)
[0428/233613.414:ERROR:process_reader_win.cc(151)] SuspendThread: Access is denied. (0x5)
[0428/233613.414:ERROR:process_reader_win.cc(151)] SuspendThread: Access is denied. (0x5)
[0428/233613.413:ERROR:process_reader_win.cc(151)] SuspendThread: Access is denied. (0x5)
[0428/233613.413:ERROR:process_reader_win.cc(151)] SuspendThread: Access is denied. (0x5)
[0428/233613.413:ERROR:process_reader_win.cc(151)] SuspendThread: Access is denied. (0x5)
[0428/233613.413:ERROR:process_reader_win.cc(151)] SuspendThread: Access is denied. (0x5)
[0428/233613.413:ERROR:process_reader_win.cc(151)] SuspendThread: Access is denied. (0x5)
[0428/233613.413:ERROR:process_reader_win.cc(151)] SuspendThread: Access is denied. (0x5)
[0428/233613.414:ERROR:process_reader_win.cc(151)] SuspendThread: Access is denied. (0x5)
[0428/233613.414:ERROR:process_reader_win.cc(151)] SuspendThread: Access is denied. (0x5)
[0428/233613.414:ERROR:process_reader_win.cc(151)] SuspendThread: Access is denied. (0x5)
[0428/233613.413:ERROR:process_reader_win.cc(151)] SuspendThread: Access is denied. (0x5)
[0428/233613.413:ERROR:process_reader_win.cc(151)] SuspendThread: Access is denied. (0x5)
[0428/233613.414:ERROR:process_reader_win.cc(151)] SuspendThread: Access is denied. (0x5)
[0428/233613.414:ERROR:process_reader_win.cc(151)] SuspendThread: Access is denied. (0x5)
[0428/233613.414:ERROR:process_reader_win.cc(151)] SuspendThread: Access is denied. (0x5)
[0428/233613.414:ERROR:process_reader_win.cc(151)] SuspendThread: Access is denied. (0x5)
[0428/233613.414:ERROR:process_reader_win.cc(151)] SuspendThread: Access is denied. (0x5)
[0428/233613.414:ERROR:process_reader_win.cc(151)] SuspendThread: Access is denied. (0x5)
[0428/233613.414:ERROR:process_reader_win.cc(151)] SuspendThread: Access is denied. (0x5)
[0428/233613.414:ERROR:process_reader_win.cc(151)] SuspendThread: Access is denied. (0x5)
[0428/233613.414:ERROR:process_reader_win.cc(151)] SuspendThread: Access is denied. (0x5)
[0428/233613.414:ERROR:process_reader_win.cc(151)] SuspendThread: Access is denied. (0x5)
[0428/233613.414:ERROR:process_reader_win.cc(151)] SuspendThread: Access is denied. (0x5)
[0428/233613.414:ERROR:process_reader_win.cc(151)] SuspendThread: Access is denied. (0x5)
[0428/233613.414:ERROR:process_reader_win.cc(151)] SuspendThread: Access is denied. (0x5)
[0428/233613.414:ERROR:process_reader_win.cc(151)] SuspendThread: Access is denied. (0x5)
[0428/233613.414:ERROR:process_reader_win.cc(151)] SuspendThread: Access is denied. (0x5)
[0428/233613.414:ERROR:process_reader_win.cc(151)] SuspendThread: Access is denied. (0x5)
[0428/233613.414:ERROR:process_reader_win.cc(151)] SuspendThread: Access is denied. (0x5)
[0428/233613.414:ERROR:process_reader_win.cc(151)] SuspendThread: Access is denied. (0x5)
[0428/233613.414:ERROR:process_reader_win.cc(151)] SuspendThread: Access is denied. (0x5)
[0428/233613.414:ERROR:process_reader_win.cc(151)] SuspendThread: Access is denied. (0x5)
[0428/233613.414:ERROR:process_reader_win.cc(151)] SuspendThread: Access is denied. (0x5)
[0428/233613.414:ERROR:process_reader_win.cc(151)] SuspendThread: Access is denied. (0x5)
[0428/233613.414:ERROR:process_reader_win.cc(151)] SuspendThread: Access is denied. (0x5)
[0428/233613.414:ERROR:process_reader_win.cc(151)] SuspendThread: Access is denied. (0x5)
[0428/233613.414:ERROR:process_reader_win.cc(151)] SuspendThread: Access is denied. (0x5)
[0428/233613.414:ERROR:process_reader_win.cc(151)] SuspendThread: Access is denied. (0x5)
[0428/233613.414:ERROR:process_reader_win.cc(151)] SuspendThread: Access is denied. (0x5)
[0428/233613.414:ERROR:process_reader_win.cc(151)] SuspendThread: Access is denied. (0x5)
[0428/233613.414:ERROR:process_reader_win.cc(151)] SuspendThread: Access is denied. (0x5)
[0428/233613.414:ERROR:process_reader_win.cc(151)] SuspendThread: Access is denied. (0x5)
[0428/233613.414:ERROR:process_reader_win.cc(151)] SuspendThread: Access is denied. (0x5)
[0428/233613.414:ERROR:process_reader_win.cc(151)] SuspendThread: Access is denied. (0x5)
[0428/233613.414:ERROR:process_reader_win.cc(151)] SuspendThread: Access is denied. (0x5)
[0428/233613.414:ERROR:process_reader_win.cc(151)] SuspendThread: Access is denied. (0x5)
[0428/233613.414:ERROR:process_reader_win.cc(151)] SuspendThread: Access is denied. (0x5)
[0428/233613.414:ERROR:process_reader_win.cc(151)] SuspendThread: Access is denied. (0x5)
[0428/233613.415:ERROR:process_reader_win.cc(151)] SuspendThread: Access is denied. (0x5)
[0428/233613.414:ERROR:process_reader_win.cc(151)] SuspendThread: Access is denied. (0x5)
[0428/233613.414:ERROR:process_reader_win.cc(151)] SuspendThread: Access is denied. (0x5)
[0428/233613.415:ERROR:process_reader_win.cc(151)] SuspendThread: Access is denied. (0x5)
[0428/233613.415:ERROR:process_reader_win.cc(151)] SuspendThread: Access is denied. (0x5)
[0428/233613.414:ERROR:process_reader_win.cc(151)] SuspendThread: Access is denied. (0x5)
[0428/233613.415:ERROR:process_reader_win.cc(151)] SuspendThread: Access is denied. (0x5)
[0428/233613.415:ERROR:process_reader_win.cc(151)] SuspendThread: Access is denied. (0x5)
[0428/233613.415:ERROR:process_reader_win.cc(151)] SuspendThread: Access is denied. (0x5)
[0428/233613.415:ERROR:process_reader_win.cc(151)] SuspendThread: Access is denied. (0x5)
[0428/233613.415:ERROR:process_reader_win.cc(151)] SuspendThread: Access is denied. (0x5)
[0428/233613.415:ERROR:process_reader_win.cc(151)] SuspendThread: Access is denied. (0x5)
[0428/233613.415:ERROR:process_reader_win.cc(151)] SuspendThread: Access is denied. (0x5)
[0428/233613.415:ERROR:process_reader_win.cc(123)] NtOpenThread: {Access Denied} A process has requested access to an object, but has not been granted those access rights. (0xc0000022)
[0428/233613.414:ERROR:process_reader_win.cc(123)] NtOpenThread: {Access Denied} A process has requested access to an object, but has not been granted those access rights. (0xc0000022)
[0428/233613.413:ERROR:process_reader_win.cc(123)] NtOpenThread: {Access Denied} A process has requested access to an object, but has not been granted those access rights. (0xc0000022)
[0428/233613.414:ERROR:process_reader_win.cc(123)] NtOpenThread: {Access Denied} A process has requested access to an object, but has not been granted those access rights. (0xc0000022)
[0428/233613.414:ERROR:process_reader_win.cc(123)] NtOpenThread: {Access Denied} A process has requested access to an object, but has not been granted those access rights. (0xc0000022)
[0428/233613.415:ERROR:process_reader_win.cc(123)] NtOpenThread: {Access Denied} A process has requested access to an object, but has not been granted those access rights. (0xc0000022)
[0428/233613.414:ERROR:process_reader_win.cc(123)] NtOpenThread: {Access Denied} A process has requested access to an object, but has not been granted those access rights. (0xc0000022)
[0428/233613.414:ERROR:process_reader_win.cc(123)] NtOpenThread: {Access Denied} A process has requested access to an object, but has not been granted those access rights. (0xc0000022)
[0428/233613.414:ERROR:process_reader_win.cc(123)] NtOpenThread: {Access Denied} A process has requested access to an object, but has not been granted those access rights. (0xc0000022)
[0428/233613.413:ERROR:process_reader_win.cc(123)] NtOpenThread: {Access Denied} A process has requested access to an object, but has not been granted those access rights. (0xc0000022)
[0428/233613.413:ERROR:process_reader_win.cc(123)] NtOpenThread: {Access Denied} A process has requested access to an object, but has not been granted those access rights. (0xc0000022)
[0428/233613.415:ERROR:process_reader_win.cc(123)] NtOpenThread: {Access Denied} A process has requested access to an object, but has not been granted those access rights. (0xc0000022)
[0428/233613.763:ERROR:exception_snapshot_win.cc(98)] thread ID 47184 not found in process
[0428/233613.763:ERROR:exception_snapshot_win.cc(98)] thread ID 47320 not found in process
[0428/233613.415:ERROR:process_reader_win.cc(123)] NtOpenThread: {Access Denied} A process has requested access to an object, but has not been granted those access rights. (0xc0000022)
[0428/233613.414:ERROR:process_reader_win.cc(123)] NtOpenThread: {Access Denied} A process has requested access to an object, but has not been granted those access rights. (0xc0000022)
[0428/233613.414:ERROR:process_reader_win.cc(123)] NtOpenThread: {Access Denied} A process has requested access to an object, but has not been granted those access rights. (0xc0000022)
[0428/233613.763:ERROR:exception_snapshot_win.cc(98)] thread ID 47240 not found in process
[0428/233613.415:ERROR:process_reader_win.cc(123)] NtOpenThread: {Access Denied} A process has requested access to an object, but has not been granted those access rights. (0xc0000022)
[0428/233613.415:ERROR:process_reader_win.cc(123)] NtOpenThread: {Access Denied} A process has requested access to an object, but has not been granted those access rights. (0xc0000022)
[0428/233613.763:ERROR:exception_snapshot_win.cc(98)] thread ID 38660 not found in process
[0428/233613.763:ERROR:exception_snapshot_win.cc(98)] thread ID 42532 not found in process
[0428/233613.763:ERROR:exception_snapshot_win.cc(98)] thread ID 47636 not found in process
[0428/233613.763:ERROR:exception_snapshot_win.cc(98)] thread ID 38920 not found in process
[0428/233613.763:ERROR:exception_snapshot_win.cc(98)] thread ID 21140 not found in process
[0428/233613.763:ERROR:exception_snapshot_win.cc(98)] thread ID 36680 not found in process
[0428/233613.764:ERROR:exception_snapshot_win.cc(98)] thread ID 41716 not found in process
[0428/233613.764:ERROR:exception_snapshot_win.cc(98)] thread ID 46100 not found in process
[0428/233613.764:ERROR:exception_snapshot_win.cc(98)] thread ID 47588 not found in process
[0428/233613.764:ERROR:exception_snapshot_win.cc(98)] thread ID 44348 not found in process
[0428/233613.764:ERROR:exception_snapshot_win.cc(98)] thread ID 2740 not found in process
[0428/233613.764:ERROR:exception_snapshot_win.cc(98)] thread ID 39224 not found in process
[0428/233613.764:ERROR:exception_snapshot_win.cc(98)] thread ID 28152 not found in process
[0428/233613.765:ERROR:exception_snapshot_win.cc(98)] thread ID 47288 not found in process
